Catkin project directory: /home/pby666/gitws/src/dob_ros
-- Using CATKIN_DEVEL_PREFIX: /home/pby666/gitws/devel
-- Using CMAKE_PREFIX_PATH: /home/pby666/gitws/devel;/opt/ros/indigo
-- This workspace overlays: /home/pby666/gitws/devel;/opt/ros/indigo
-- Using PYTHON_EXECUTABLE: /home/pby666/.pyenv/versions/2.7.9/bin/python
-- Using Debian Python package layout
-- Using empy: /usr/bin/empy
-- Using CATKIN_ENABLE_TESTING: ON
-- Call enable_testing()
-- Using CATKIN_TEST_RESULTS_DIR: /home/pby666/gitws/build/test_results
-- Found gtest sources under '/usr/src/gtest': gtests will be built
-- Using Python nosetests: /usr/bin/nosetests-2.7
ImportError: "from catkin_pkg.package import parse_package" failed: No module named catkin_pkg.package
Make sure that you have installed "catkin_pkg", it is up to date and on the PYTHONPATH.
CMake Error at /opt/ros/indigo/share/catkin/cmake/safe_execute_process.cmake:11 (message):
  execute_process(/home/pby666/.pyenv/versions/2.7.9/bin/python
  "/opt/ros/indigo/share/catkin/cmake/parse_package_xml.py"
  "/opt/ros/indigo/share/catkin/cmake/../package.xml"
  "/home/pby666/gitws/build/catkin/catkin_generated/version/package.cmake")
  returned error code 1
Call Stack (most recent call first):
  /opt/ros/indigo/share/catkin/cmake/catkin_package_xml.cmake:63 (safe_execute_process)
  /opt/ros/indigo/share/catkin/cmake/all.cmake:151 (_catkin_package_xml)
  /opt/ros/indigo/share/catkin/cmake/catkinConfig.cmake:20 (include)
  CMakeLists.txt:52 (find_package)


-- Configuring incomplete, errors occurred!
See also "/home/pby666/gitws/build/CMakeFiles/CMakeOutput.log".
See also "/home/pby666/gitws/build/CMakeFiles/CMakeError.log".
make: *** [cmake_check_build_system] Error 1
Base path: /home/pby666/gitws
Source space: /home/pby666/gitws/src
Build space: /home/pby666/gitws/build
Devel space: /home/pby666/gitws/devel
Install space: /home/pby666/gitws/install
####
#### Running command: "make cmake_check_build_system" in "/home/pby666/gitws/build"
####
Invoking "make cmake_check_build_system" failed
