Determining if the pthread_create exist failed with the following output:
Change Dir: /home/zhuoxu/RLRC/build/CMakeFiles/CMakeTmp

Run Build Command:"/usr/bin/make" "cmTC_922cc/fast"
/usr/bin/make -f CMakeFiles/cmTC_922cc.dir/build.make CMakeFiles/cmTC_922cc.dir/build
make[1]: Entering directory '/home/zhuoxu/RLRC/build/CMakeFiles/CMakeTmp'
Building C object CMakeFiles/cmTC_922cc.dir/CheckSymbolExists.c.o
/usr/bin/cc     -o CMakeFiles/cmTC_922cc.dir/CheckSymbolExists.c.o   -c /home/zhuoxu/RLRC/build/CMakeFiles/CMakeTmp/CheckSymbolExists.c
Linking C executable cmTC_922cc
/usr/bin/cmake -E cmake_link_script CMakeFiles/cmTC_922cc.dir/link.txt --verbose=1
/usr/bin/cc       CMakeFiles/cmTC_922cc.dir/CheckSymbolExists.c.o  -o cmTC_922cc -rdynamic 
CMakeFiles/cmTC_922cc.dir/CheckSymbolExists.c.o: In function `main':
CheckSymbolExists.c:(.text+0x16): undefined reference to `pthread_create'
collect2: error: ld returned 1 exit status
CMakeFiles/cmTC_922cc.dir/build.make:97: recipe for target 'cmTC_922cc' failed
make[1]: *** [cmTC_922cc] Error 1
make[1]: Leaving directory '/home/zhuoxu/RLRC/build/CMakeFiles/CMakeTmp'
Makefile:126: recipe for target 'cmTC_922cc/fast' failed
make: *** [cmTC_922cc/fast] Error 2

File /home/zhuoxu/RLRC/build/CMakeFiles/CMakeTmp/CheckSymbolExists.c:
/* */
#include <pthread.h>

int main(int argc, char** argv)
{
  (void)argv;
#ifndef pthread_create
  return ((int*)(&pthread_create))[argc];
#else
  (void)argc;
  return 0;
#endif
}

Determining if the function pthread_create exists in the pthreads failed with the following output:
Change Dir: /home/zhuoxu/RLRC/build/CMakeFiles/CMakeTmp

Run Build Command:"/usr/bin/make" "cmTC_462de/fast"
/usr/bin/make -f CMakeFiles/cmTC_462de.dir/build.make CMakeFiles/cmTC_462de.dir/build
make[1]: Entering directory '/home/zhuoxu/RLRC/build/CMakeFiles/CMakeTmp'
Building C object CMakeFiles/cmTC_462de.dir/CheckFunctionExists.c.o
/usr/bin/cc    -DCHECK_FUNCTION_EXISTS=pthread_create   -o CMakeFiles/cmTC_462de.dir/CheckFunctionExists.c.o   -c /usr/share/cmake-3.5/Modules/CheckFunctionExists.c
Linking C executable cmTC_462de
/usr/bin/cmake -E cmake_link_script CMakeFiles/cmTC_462de.dir/link.txt --verbose=1
/usr/bin/cc   -DCHECK_FUNCTION_EXISTS=pthread_create    CMakeFiles/cmTC_462de.dir/CheckFunctionExists.c.o  -o cmTC_462de -rdynamic -lpthreads 
/usr/bin/ld: cannot find -lpthreads
collect2: error: ld returned 1 exit status
CMakeFiles/cmTC_462de.dir/build.make:97: recipe for target 'cmTC_462de' failed
make[1]: *** [cmTC_462de] Error 1
make[1]: Leaving directory '/home/zhuoxu/RLRC/build/CMakeFiles/CMakeTmp'
Makefile:126: recipe for target 'cmTC_462de/fast' failed
make: *** [cmTC_462de/fast] Error 2


